\BOOKMARK [1][-]{Doc-Start}{\376\377\000T\000i\000t\000l\000e\000\040\000P\000a\000g\000e}{}% 1
\BOOKMARK [1][-]{section*.1}{\376\377\000T\000a\000b\000l\000e\000\040\000o\000f\000\040\000C\000o\000n\000t\000e\000n\000t\000s}{}% 2
\BOOKMARK [1][-]{section*.2}{\376\377\000P\000o\000l\000a\000r\000\040\000C\000o\000o\000r\000d\000i\000n\000a\000t\000e\000s\000\040\000-\000\040\000K\000e\000y\000\040\000T\000h\000e\000o\000r\000e\000m\000s}{}% 3
\BOOKMARK [2][-]{section*.3}{\376\377\000C\000o\000n\000v\000e\000r\000t\000i\000n\000g\000\040\000P\000o\000i\000n\000t\000s\000\040\000b\000e\000t\000w\000e\000e\000n\000\040\000C\000o\000o\000r\000d\000i\000n\000a\000t\000e\000\040\000S\000y\000s\000t\000e\000m\000s}{section*.2}% 4
\BOOKMARK [2][-]{section*.4}{\376\377\000U\000n\000i\000q\000u\000e\000n\000e\000s\000s\000\040\000o\000f\000\040\000P\000o\000l\000a\000r\000\040\000C\000o\000o\000r\000d\000i\000n\000a\000t\000e\000s}{section*.2}% 5
\BOOKMARK [2][-]{section*.5}{\376\377\000S\000y\000m\000m\000e\000t\000r\000y\000\040\000o\000f\000\040\000P\000o\000l\000a\000r\000\040\000C\000u\000r\000v\000e\000s}{section*.2}% 6
\BOOKMARK [1][-]{section*.6}{\376\377\000P\000l\000o\000t\000t\000i\000n\000g\000\040\000P\000o\000l\000a\000r\000\040\000C\000o\000o\000r\000d\000i\000n\000a\000t\000e\000s}{}% 7
\BOOKMARK [2][-]{section*.7}{\376\377\000R\000e\000c\000a\000l\000l\000\040\000t\000h\000e\000\040\000C\000o\000n\000t\000e\000n\000t\000\040\000f\000r\000o\000m\000\040\000L\000a\000s\000t\000\040\000L\000e\000c\000t\000u\000r\000e}{section*.6}% 8
\BOOKMARK [2][-]{section*.8}{\376\377\000U\000n\000d\000e\000r\000s\000t\000a\000n\000d\000i\000n\000g\000\040\000t\000h\000e\000\040\000C\000o\000n\000v\000e\000n\000t\000i\000o\000n\000\040\000f\000o\000r\000\040\000\040\000r\000\040\000\040\000i\000n\000\040\000P\000o\000l\000a\000r\000\040\000C\000o\000o\000r\000d\000i\000n\000a\000t\000e\000s}{section*.6}% 9
\BOOKMARK [2][-]{section*.10}{\376\377\000E\000x\000a\000m\000p\000l\000e\000:\000\040\000P\000l\000o\000t\000t\000i\000n\000g\000\040\000P\000o\000i\000n\000t\000s}{section*.6}% 10
\BOOKMARK [1][-]{section*.11}{\376\377\000C\000o\000n\000v\000e\000r\000t\000i\000n\000g\000\040\000B\000e\000t\000w\000e\000e\000n\000\040\000C\000a\000r\000t\000e\000s\000i\000a\000n\000\040\000a\000n\000d\000\040\000P\000o\000l\000a\000r\000\040\000C\000o\000o\000r\000d\000i\000n\000a\000t\000e\000s}{}% 11
\BOOKMARK [2][-]{section*.12}{\376\377\000E\000x\000a\000m\000p\000l\000e\000:\000\040\000C\000o\000n\000v\000e\000r\000t\000i\000n\000g\000\040\000f\000r\000o\000m\000\040\000P\000o\000l\000a\000r\000\040\000C\000o\000o\000r\000d\000i\000n\000a\000t\000e\000s\000\040\000t\000o\000\040\000C\000a\000r\000t\000e\000s\000i\000a\000n\000\040\000C\000o\000o\000r\000d\000i\000n\000a\000t\000e\000s}{section*.11}% 12
\BOOKMARK [2][-]{section*.13}{\376\377\000E\000x\000a\000m\000p\000l\000e\000:\000\040\000C\000o\000n\000v\000e\000r\000t\000i\000n\000g\000\040\000f\000r\000o\000m\000\040\000C\000a\000r\000t\000e\000s\000i\000a\000n\000\040\000C\000o\000o\000r\000d\000i\000n\000a\000t\000e\000s\000\040\000t\000o\000\040\000P\000o\000l\000a\000r\000\040\000C\000o\000o\000r\000d\000i\000n\000a\000t\000e\000s}{section*.11}% 13
\BOOKMARK [1][-]{section*.14}{\376\377\000S\000k\000e\000t\000c\000h\000i\000n\000g\000\040\000P\000o\000l\000a\000r\000\040\000C\000u\000r\000v\000e\000\040\000F\000u\000n\000c\000t\000i\000o\000n\000s}{}% 14
\BOOKMARK [2][-]{section*.15}{\376\377\000S\000t\000a\000n\000d\000a\000r\000d\000\040\000C\000i\000r\000c\000l\000e}{section*.14}% 15
\BOOKMARK [2][-]{section*.16}{\376\377\000S\000t\000r\000a\000i\000g\000h\000t\000\040\000L\000i\000n\000e}{section*.14}% 16
\BOOKMARK [2][-]{section*.17}{\376\377\000S\000p\000i\000r\000a\000l}{section*.14}% 17
\BOOKMARK [2][-]{section*.18}{\376\377\000P\000e\000r\000f\000e\000c\000t\000-\000C\000i\000r\000c\000l\000e\000\040\000C\000a\000r\000d\000i\000o\000i\000d}{section*.14}% 18
\BOOKMARK [2][-]{section*.19}{\376\377\000F\000o\000u\000r\000-\000P\000e\000t\000a\000l\000e\000d\000\040\000R\000o\000s\000e}{section*.14}% 19
\BOOKMARK [1][-]{section*.21}{\376\377\000D\000e\000r\000i\000v\000a\000t\000i\000v\000e\000s\000\040\000o\000f\000\040\000P\000o\000l\000a\000r\000\040\000C\000u\000r\000v\000e\000s\000\040\000a\000n\000d\000\040\000T\000h\000e\000i\000r\000\040\000A\000p\000p\000l\000i\000c\000a\000t\000i\000o\000n\000s}{}% 20
\BOOKMARK [2][-]{section*.22}{\376\377\000T\000a\000n\000g\000e\000n\000t\000s\000\040\000t\000o\000\040\000P\000o\000l\000a\000r\000\040\000C\000u\000r\000v\000e\000s\000:\000\040\000F\000i\000n\000d\000i\000n\000g\000\040\000S\000l\000o\000p\000e\000s\000\040\000a\000n\000d\000\040\000K\000e\000y\000\040\000C\000o\000n\000d\000i\000t\000i\000o\000n\000s}{section*.21}% 21
\BOOKMARK [1][-]{section*.27}{\376\377\000E\000q\000u\000a\000t\000i\000o\000n\000s\000\040\000o\000f\000\040\000C\000i\000r\000c\000l\000e\000s\000\040\000i\000n\000\040\000t\000h\000e\000\040\000C\000a\000r\000t\000e\000s\000i\000a\000n\000\040\000P\000l\000a\000n\000e}{}% 22
\BOOKMARK [2][-]{section*.28}{\376\377\000E\000x\000e\000r\000c\000i\000s\000e\000:\000\040\000S\000k\000e\000t\000c\000h\000i\000n\000g\000\040\000a\000\040\000C\000i\000r\000c\000l\000e\000\040\000C\000u\000r\000v\000e}{section*.27}% 23
