\BOOKMARK [1][-]{Doc-Start}{\376\377\000T\000i\000t\000l\000e\000\040\000P\000a\000g\000e}{}% 1
\BOOKMARK [1][-]{section*.2}{\376\377\000P\000r\000e\000l\000i\000m\000i\000n\000a\000r\000y\000\040\000C\000o\000n\000c\000e\000p\000t\000s}{}% 2
\BOOKMARK [2][-]{section*.3}{\376\377\000C\000o\000n\000i\000c\000\040\000S\000e\000c\000t\000i\000o\000n\000s}{section*.2}% 3
\BOOKMARK [2][-]{section*.4}{\376\377\000E\000l\000l\000i\000p\000s\000e}{section*.2}% 4
\BOOKMARK [3][-]{section*.5}{\376\377\000S\000t\000a\000n\000d\000a\000r\000d\000\040\000F\000o\000r\000m\000s\000\040\000o\000f\000\040\000a\000n\000\040\000E\000l\000l\000i\000p\000s\000e}{section*.4}% 5
\BOOKMARK [3][-]{section*.6}{\376\377\000V\000e\000r\000i\000f\000y\000i\000n\000g\000\040\000a\000n\000\040\000E\000l\000l\000i\000p\000s\000e}{section*.4}% 6
\BOOKMARK [2][-]{section*.7}{\376\377\000P\000a\000r\000a\000b\000o\000l\000a}{section*.2}% 7
\BOOKMARK [3][-]{section*.8}{\376\377\000S\000t\000a\000n\000d\000a\000r\000d\000\040\000F\000o\000r\000m\000s\000\040\000o\000f\000\040\000a\000\040\000P\000a\000r\000a\000b\000o\000l\000a}{section*.7}% 8
\BOOKMARK [3][-]{section*.9}{\376\377\000V\000e\000r\000i\000f\000y\000i\000n\000g\000\040\000a\000\040\000P\000a\000r\000a\000b\000o\000l\000a}{section*.7}% 9
\BOOKMARK [2][-]{section*.10}{\376\377\000H\000y\000p\000e\000r\000b\000o\000l\000a}{section*.2}% 10
\BOOKMARK [3][-]{section*.11}{\376\377\000S\000t\000a\000n\000d\000a\000r\000d\000\040\000F\000o\000r\000m\000s\000\040\000o\000f\000\040\000a\000\040\000H\000y\000p\000e\000r\000b\000o\000l\000a}{section*.10}% 11
\BOOKMARK [3][-]{section*.12}{\376\377\000V\000e\000r\000i\000f\000y\000i\000n\000g\000\040\000a\000\040\000H\000y\000p\000e\000r\000b\000o\000l\000a}{section*.10}% 12
\BOOKMARK [2][-]{section*.13}{\376\377\000E\000c\000c\000e\000n\000t\000r\000i\000c\000i\000t\000y\000\040\000a\000n\000d\000\040\000D\000i\000r\000e\000c\000t\000r\000i\000x}{section*.2}% 13
\BOOKMARK [2][-]{section*.14}{\376\377\000G\000e\000n\000e\000r\000a\000l\000\040\000E\000q\000u\000a\000t\000i\000o\000n\000s\000\040\000o\000f\000\040\000D\000e\000g\000r\000e\000e\000\040\000T\000w\000o}{section*.2}% 14
\BOOKMARK [2][-]{section*.15}{\376\377\000D\000i\000s\000t\000i\000n\000g\000u\000i\000s\000h\000i\000n\000g\000\040\000B\000e\000t\000w\000e\000e\000n\000\040\000C\000o\000n\000i\000c\000\040\000S\000e\000c\000t\000i\000o\000n\000s}{section*.2}% 15
\BOOKMARK [1][-]{section*.16}{\376\377\000L\000e\000c\000t\000u\000r\000e\000\040\000C\000o\000n\000t\000e\000n\000t}{}% 16
\BOOKMARK [2][-]{section*.17}{\376\377\000R\000e\000v\000i\000e\000w\000\040\000f\000r\000o\000m\000\040\000t\000h\000e\000\040\000P\000r\000e\000v\000i\000o\000u\000s\000\040\000L\000e\000c\000t\000u\000r\000e}{section*.16}% 17
\BOOKMARK [2][-]{section*.18}{\376\377\000E\000x\000p\000l\000o\000r\000i\000n\000g\000\040\000C\000o\000m\000m\000o\000n\000\040\000C\000u\000r\000v\000e\000\040\000S\000h\000a\000p\000e\000s}{section*.16}% 18
\BOOKMARK [3][-]{section*.19}{\376\377\000P\000a\000r\000a\000b\000o\000l\000a}{section*.18}% 19
\BOOKMARK [3][-]{section*.20}{\376\377\000S\000k\000e\000t\000c\000h\000i\000n\000g\000\040\000t\000h\000e\000\040\000R\000e\000g\000i\000o\000n\000\040\000o\000f\000\040\000a\000\040\000S\000e\000t\000\040\000D\000e\000f\000i\000n\000e\000d\000\040\000b\000y\000\040\000a\000\040\000P\000a\000r\000a\000b\000o\000l\000a}{section*.18}% 20
\BOOKMARK [3][-]{section*.21}{\376\377\000E\000l\000l\000i\000p\000s\000e}{section*.18}% 21
\BOOKMARK [3][-]{section*.22}{\376\377\000S\000k\000e\000t\000c\000h\000i\000n\000g\000\040\000t\000h\000e\000\040\000R\000e\000g\000i\000o\000n\000\040\000o\000f\000\040\000a\000\040\000S\000e\000t\000\040\000D\000e\000f\000i\000n\000e\000d\000\040\000b\000y\000\040\000a\000n\000\040\000E\000l\000l\000i\000p\000s\000e}{section*.18}% 22
\BOOKMARK [3][-]{section*.23}{\376\377\000H\000y\000p\000e\000r\000b\000o\000l\000a}{section*.18}% 23
\BOOKMARK [3][-]{section*.24}{\376\377\000S\000k\000e\000t\000c\000h\000i\000n\000g\000\040\000t\000h\000e\000\040\000R\000e\000g\000i\000o\000n\000\040\000o\000f\000\040\000a\000\040\000S\000e\000t\000\040\000D\000e\000f\000i\000n\000e\000d\000\040\000b\000y\000\040\000a\000\040\000H\000y\000p\000e\000r\000b\000o\000l\000a}{section*.18}% 24
\BOOKMARK [2][-]{section*.25}{\376\377\000W\000e\000l\000c\000o\000m\000e\000\040\000t\000o\000\040\000L\000i\000n\000e\000a\000r\000\040\000A\000l\000g\000e\000b\000r\000a\000.\000.\000.}{section*.16}% 25
\BOOKMARK [3][-]{section*.26}{\376\377\000W\000e\000l\000l\000.\000.\000.\000\040\000n\000o\000t\000\040\000r\000e\000a\000l\000l\000y\000!}{section*.25}% 26
\BOOKMARK [3][-]{section*.27}{\376\377\000R\000e\000v\000i\000e\000w\000\040\000o\000f\000\040\000C\000a\000r\000t\000e\000s\000i\000a\000n\000\040\000C\000o\000o\000r\000d\000i\000n\000a\000t\000e\000s\000\040\000i\000n\000\040\000T\000w\000o\000\040\000D\000i\000m\000e\000n\000s\000i\000o\000n\000s}{section*.25}% 27
\BOOKMARK [3][-]{section*.28}{\376\377\000I\000n\000t\000r\000o\000d\000u\000c\000i\000n\000g\000\040\000T\000h\000r\000e\000e\000-\000D\000i\000m\000e\000n\000s\000i\000o\000n\000a\000l\000\040\000C\000a\000r\000t\000e\000s\000i\000a\000n\000\040\000C\000o\000o\000r\000d\000i\000n\000a\000t\000e\000s}{section*.25}% 28
\BOOKMARK [2][-]{section*.29}{\376\377\000E\000x\000a\000m\000p\000l\000e\000\040\000o\000f\000\040\000P\000l\000o\000t\000t\000i\000n\000g\000\040\000i\000n\000\040\000a\000\040\0003\000D\000\040\000C\000a\000r\000t\000e\000s\000i\000a\000n\000\040\000P\000l\000a\000n\000e}{section*.16}% 29
\BOOKMARK [2][-]{section*.30}{\376\377\000U\000n\000d\000e\000r\000s\000t\000a\000n\000d\000i\000n\000g\000\040\000P\000l\000a\000n\000e\000s\000\040\000i\000n\000\040\0003\000D}{section*.16}% 30
\BOOKMARK [3][-]{section*.31}{\376\377\000T\000h\000e\000\040\000\040\000x\000y\000\040\000-\000P\000l\000a\000n\000e\000\040\000\050\000\040\000z\000\040\000=\000\040\0000\000\040\000\051}{section*.30}% 31
\BOOKMARK [3][-]{section*.32}{\376\377\000T\000h\000e\000\040\000\040\000y\000z\000\040\000-\000P\000l\000a\000n\000e\000\040\000\050\000\040\000x\000\040\000=\000\040\0000\000\040\000\051}{section*.30}% 32
\BOOKMARK [3][-]{section*.33}{\376\377\000T\000h\000e\000\040\000\040\000x\000z\000\040\000-\000P\000l\000a\000n\000e\000\040\000\050\000\040\000y\000\040\000=\000\040\0000\000\040\000\051}{section*.30}% 33
\BOOKMARK [2][-]{section*.34}{\376\377\000T\000r\000a\000n\000s\000i\000t\000i\000o\000n\000i\000n\000g\000\040\000f\000r\000o\000m\000\040\0002\000D\000\040\000t\000o\000\040\0003\000D}{section*.16}% 34
\BOOKMARK [3][-]{section*.35}{\376\377\000V\000i\000s\000u\000a\000l\000i\000z\000i\000n\000g\000\040\000a\000\040\000L\000i\000n\000e\000\040\000i\000n\000\040\0003\000D}{section*.34}% 35
\BOOKMARK [3][-]{section*.36}{\376\377\000V\000i\000s\000u\000a\000l\000i\000z\000i\000n\000g\000\040\000a\000\040\000C\000i\000r\000c\000l\000e\000\040\000i\000n\000\040\0003\000D}{section*.34}% 36
